00:39:45 test1.py:superlong…:25 ERROR Could not run function
00:39:45 test1.py:<module>:31 INFO {
                                       "timestamps": {"always_show": False, "use_utc": False},
                                       "stacking": {"enabled": True, "case_sensitive": True},
                                       "formatting": {
                                           "ansi": True,
                                           "highlighting": True,
                                           "pretty_print": True,
                                           "fixed_format_width": 0,
                                       },
                                       "filtering": {
                                           "min_level": 0,
                                           "exclude_messages": [],
                                           "include_only_messages": [],
                                       },
                                       "output": {"default_file_stream": None},
                                       "metadata": {
                                           "show_metadata": False,
                                           "include_timestamp": False,
                                           "include_level_name": False,
                                           "include_thread_name": True,
                                           "include_file_name": False,
                                           "include_wrapping_function": False,
                                           "include_function": True,
                                           "include_line_number": False,
                                           "include_value_count": True,
                                       },
                                       "log_line": {"format": "default"},
                                   }
00:39:45 test1.py:<module>:32 INFO {"enabled": True, "case_sensitive": True}
00:39:45 test1.py:<module>:33 INFO <fluxutils.log.handlers.StackingRules object at 0x104b9f080>
00:39:45 test1.py:<module>:34 INFO True
00:39:45 test1.py:<module>:37 INFO a
                                   3 4 4 hello world 3
00:39:45 test1.py:<module>:38 INFO a344hello world 3
00:39:45 test1.py:<module>:39 INFO a
                                   3 4 4 hello world 3 ["a\n\n\n\n", 3, 4.0, 4.2, "hello world 3"]
00:39:45 test1.py:<module>:42 INFO a 3 4 4 hello world 3
00:39:45 test1.py:<module>:43 INFO a_3_4_4_hello world 3
00:39:45 test1.py:<module>:44 INFO a
00:39:45 test1.py:<module>:45 INFO ajkfhgfhkgdjhd
00:39:45 test1.py:<module>:46 INFO 345
00:39:45 test1.py:<module>:48 DEBUG 3.0
00:39:45 test1.py:<module>:49 DEBUG 3.0 {}
00:39:45 test1.py:<module>:50 DEBUG Dictionary: {}
00:39:45 test1.py:<module>:56 LETHAL {
                                         "abcdef": "abcdef",
                                         "l": ["l", ["l", ["l", ["l", ["l", ["l", []]]]]]],
                                         "mnopqr": "mnopqr",
                                         "stuvwx": "stuvwx",
                                         "hi": (33, <fluxutils.log.logger.Logger object at 0x104b9ef90>),
                                     }
00:39:45 test1.py:<module>:66 ERROR hi bye
00:39:45 test1.py:<module>:67 WARNING The given tuple is not a valid RGB: (132, 204, 256)
